Mon Jun  2 12:52:49 2025
Configuration file opened successfully: /home/cssr4a/workspace/pepper_rob_ws/src/cssr4africa/cssr_system/animateBehaviour/config/animateBehaviourConfiguration.ini
Mon Jun  2 12:52:49 2025
Config: armMaximumRange = 0.15,0.15,0.2,0.35,0.2
Mon Jun  2 12:52:49 2025
Config: behaviour = body
Mon Jun  2 12:52:49 2025
Config: gestureDuration = 1.0
Mon Jun  2 12:52:49 2025
Config: handMaximumRange = 0.7
Mon Jun  2 12:52:49 2025
Config: legMaximumRange = 0.1,0.1,0.08
Mon Jun  2 12:52:49 2025
Config: legRepeatFactor = 8
Mon Jun  2 12:52:49 2025
Config: numPoints = 100
Mon Jun  2 12:52:49 2025
Config: numPointsLeg = 2
Mon Jun  2 12:52:49 2025
Config: platform = robot
Mon Jun  2 12:52:49 2025
Config: robotTopics = pepperTopics.dat
Mon Jun  2 12:52:49 2025
Config: rotMaximumRange = 0.3
Mon Jun  2 12:52:49 2025
Config: selectedRange = 0.5
Mon Jun  2 12:52:49 2025
Config: simulatorTopics = simulatorTopics.dat
Mon Jun  2 12:52:49 2025
Config: verboseMode = false
Mon Jun  2 12:52:49 2025
animateBehaviour node started. Waiting for activation...
